2026-04-23T14:24:14.287673792Z [err]  [2026-04-23 14:24:13 +0000] [1] [INFO] Starting gunicorn 22.0.0
2026-04-23T14:24:14.287680314Z [err]  [2026-04-23 14:24:13 +0000] [1] [INFO] Listening at: http://0.0.0.0:8080 (1)
2026-04-23T14:24:14.287685502Z [err]  [2026-04-23 14:24:13 +0000] [1] [INFO] Using worker: sync
2026-04-23T14:24:14.287689516Z [err]  [2026-04-23 14:24:13 +0000] [2] [INFO] Booting worker with pid: 2
2026-04-23T14:24:14.287693573Z [err]  [2026-04-23 14:24:13 +0000] [3] [INFO] Booting worker with pid: 3
2026-04-23T14:24:14.386804982Z [inf]  Starting Container
2026-04-23T14:24:34.279588208Z [err]                     ^^^^^^^^^^^^^^^^^^^
2026-04-23T14:24:34.279594060Z [err]  [2026-04-23 14:24:30,894] ERROR in app: Exception on /api/articles/current [GET]
2026-04-23T14:24:34.279603380Z [err]    File "/app/routes/articles.py", line 18, in _current_articles
2026-04-23T14:24:34.279605175Z [err]  Traceback (most recent call last):
2026-04-23T14:24:34.279612410Z [err]    File "/app/.venv/lib/python3.11/site-packages/flask/app.py", line 1473, in wsgi_app
2026-04-23T14:24:34.279614173Z [err]      ).filter("current_set", "eq", "true").execute()
2026-04-23T14:24:34.279619409Z [err]      response = self.full_dispatch_request()
2026-04-23T14:24:34.279625709Z [err]                                            ^^^^^^^^^
2026-04-23T14:24:34.279629024Z [err]                 ^^^^^^^^^^^^^^^^^^^^^^^^^^^^
2026-04-23T14:24:34.279636957Z [err]    File "/app/.venv/lib/python3.11/site-packages/postgrest/_sync/request_builder.py", line 78, in execute
2026-04-23T14:24:34.279637975Z [err]    File "/app/.venv/lib/python3.11/site-packages/flask/app.py", line 882, in full_dispatch_request
2026-04-23T14:24:34.279646333Z [err]      rv = self.handle_user_exception(e)
2026-04-23T14:24:34.279647510Z [err]      raise APIError(r.json())
2026-04-23T14:24:34.279653695Z [err]           ^^^^^^^^^^^^^^^^^^^^^^^^^^^^^
2026-04-23T14:24:34.279656994Z [err]  postgrest.exceptions.APIError: {'code': 'PGRST125', 'details': None, 'hint': None, 'message': 'Invalid path specified in request URL'}
2026-04-23T14:24:34.279661417Z [err]    File "/app/.venv/lib/python3.11/site-packages/flask/app.py", line 880, in full_dispatch_request
2026-04-23T14:24:34.279666175Z [err]      rv = self.dispatch_request()
2026-04-23T14:24:34.279670202Z [err]           ^^^^^^^^^^^^^^^^^^^^^^^
2026-04-23T14:24:34.279674734Z [err]    File "/app/.venv/lib/python3.11/site-packages/flask/app.py", line 865, in dispatch_request
2026-04-23T14:24:34.279679687Z [err]      return self.ensure_sync(self.view_functions[rule.endpoint])(**view_args)  # type: ignore[no-any-return]
2026-04-23T14:24:34.279683920Z [err]             ^^^^^^^^^^^^^^^^^^^^^^^^^^^^^^^^^^^^^^^^^^^^^^^^^^^^^^^^^^^^^^^^^
2026-04-23T14:24:34.279687576Z [err]    File "/app/routes/articles.py", line 28, in get_current
2026-04-23T14:24:34.279691330Z [err]      return jsonify(_current_articles())